2025-03-19 20:49:44,084 - INFO - success：org.apache.hadoop.security.UserGroupInformation:initialize(org.apache.hadoop.conf.Configuration,boolean)
2025-03-19 20:49:44,157 - INFO - success：org.apache.hadoop.security.UserGroupInformation:ensureInitialized()
2025-03-19 20:49:44,190 - INFO - success：org.apache.hadoop.mapred.JobConf:checkAndWarnDeprecation()
2025-03-19 20:49:44,213 - WARNING - failed：org.apache.hadoop.mapred.JobConf:<init>(org.apache.hadoop.conf.Configuration)
2025-03-19 20:49:44,213 - WARNING - Source code not found for method signature: org.apache.hadoop.mapred.JobConf:<init>(org.apache.hadoop.conf.Configuration)
2025-03-19 20:49:44,266 - INFO - success：org.apache.hadoop.security.UserGroupInformation:setConfiguration(org.apache.hadoop.conf.Configuration)
2025-03-19 20:49:44,311 - INFO - success：org.apache.hadoop.security.UserGroupInformation:doAs(java.security.PrivilegedExceptionAction)
2025-03-19 20:49:44,356 - INFO - success：org.apache.hadoop.security.UserGroupInformation:createRemoteUser(java.lang.String)
2025-03-19 20:49:44,399 - INFO - success：org.apache.hadoop.mapreduce.v2.app.MRAppMaster$MRAppMasterShutdownHook:run()
2025-03-19 20:49:44,426 - INFO - success：org.apache.hadoop.mapred.TaskLog:createLogSyncer()
2025-03-19 20:49:44,483 - INFO - success：org.apache.hadoop.security.UserGroupInformation:addCredentials(org.apache.hadoop.security.Credentials)
2025-03-19 20:49:44,526 - WARNING - failed：org.apache.hadoop.mapreduce.v2.app.MRAppMaster:<init>(org.apache.hadoop.yarn.api.records.ApplicationAttemptId,org.apache.hadoop.yarn.api.records.ContainerId,java.lang.String,int,int,org.apache.hadoop.yarn.util.Clock,long)
2025-03-19 20:49:44,526 - WARNING - Source code not found for method signature: org.apache.hadoop.mapreduce.v2.app.MRAppMaster:<init>(org.apache.hadoop.yarn.api.records.ApplicationAttemptId,org.apache.hadoop.yarn.api.records.ContainerId,java.lang.String,int,int,org.apache.hadoop.yarn.util.Clock,long)
2025-03-19 20:49:44,568 - INFO - success：org.apache.hadoop.security.UserGroupInformation:createRemoteUser(java.lang.String,org.apache.hadoop.security.SaslRpcServer$AuthMethod)
2025-03-19 20:49:44,606 - INFO - success：org.apache.hadoop.mapreduce.v2.app.MRAppMaster:main(java.lang.String[])
2025-03-19 20:49:44,662 - INFO - success：org.apache.hadoop.security.UserGroupInformation:getLoginUser()
2025-03-19 20:49:44,693 - WARNING - failed：org.apache.hadoop.mapreduce.v2.app.MRAppMaster$MRAppMasterShutdownHook:<init>(org.apache.hadoop.mapreduce.v2.app.MRAppMaster)
2025-03-19 20:49:44,693 - WARNING - Source code not found for method signature: org.apache.hadoop.mapreduce.v2.app.MRAppMaster$MRAppMasterShutdownHook:<init>(org.apache.hadoop.mapreduce.v2.app.MRAppMaster)
2025-03-19 20:49:44,712 - INFO - success：org.apache.hadoop.util.ExitUtil:terminate(int,java.lang.Throwable)
2025-03-19 20:49:44,754 - WARNING - failed：org.apache.hadoop.mapreduce.v2.app.MRAppMaster:<init>(org.apache.hadoop.yarn.api.records.ApplicationAttemptId,org.apache.hadoop.yarn.api.records.ContainerId,java.lang.String,int,int,long)
2025-03-19 20:49:44,754 - WARNING - Source code not found for method signature: org.apache.hadoop.mapreduce.v2.app.MRAppMaster:<init>(org.apache.hadoop.yarn.api.records.ApplicationAttemptId,org.apache.hadoop.yarn.api.records.ContainerId,java.lang.String,int,int,long)
2025-03-19 20:49:44,792 - INFO - success：org.apache.hadoop.security.UserGroupInformation:getCredentials()
2025-03-19 20:49:44,814 - INFO - success：org.apache.hadoop.mapreduce.v2.util.MRApps:getSystemPropertiesToLog(org.apache.hadoop.conf.Configuration)
2025-03-19 20:49:44,836 - INFO - success：org.apache.hadoop.security.SecurityUtil:setConfiguration(org.apache.hadoop.conf.Configuration)
2025-03-19 20:49:44,875 - INFO - success：org.apache.hadoop.security.UserGroupInformation:getCurrentUser()
2025-03-19 20:49:44,915 - INFO - success：org.apache.hadoop.mapreduce.v2.app.MRAppMaster:validateInputParam(java.lang.String,java.lang.String)
2025-03-19 20:49:44,936 - INFO - success：org.apache.hadoop.util.ExitUtil:terminate(org.apache.hadoop.util.ExitUtil$ExitException)
2025-03-19 20:49:44,971 - INFO - success：org.apache.hadoop.mapreduce.v2.app.MRAppMaster:initAndStartAppMaster(org.apache.hadoop.mapreduce.v2.app.MRAppMaster,org.apache.hadoop.mapred.JobConf,java.lang.String)
2025-03-19 20:49:44,973 - INFO - Method source code extraction completed and saved to output/hadoop/MRAppMaster_main/extracted_methods.json
2025-03-19 20:49:44,973 - INFO - finish, all 20 methods,no locate 4 methods
2025-03-19 20:49:44,973 - INFO - pruned all output/hadoop/MRAppMaster_main/pruned_call_deps.txt
2025-03-19 20:49:44,973 - INFO - Processing complete.
